<?xml version="1.0" encoding="UTF-8"?>
<testng-results ignored="0" total="3" passed="3" failed="0" skipped="0">
  <reporter-output>
  </reporter-output>
  <suite started-at="2024-09-17T20:07:37 IST" name="Suite" finished-at="2024-09-17T20:08:09 IST" duration-ms="32117">
    <groups>
    </groups>
    <test started-at="2024-09-17T20:07:37 IST" name="StandAloneTest" finished-at="2024-09-17T20:08:04 IST" duration-ms="27441">
      <class name="madhumitha.errortests.StandAloneStreamPom">
        <test-method is-config="true" signature="launchApplication()[pri:0, instance:madhumitha.errortests.StandAloneStreamPom@74751b3]" started-at="2024-09-17T20:07:37 IST" name="launchApplication" finished-at="2024-09-17T20:07:42 IST" duration-ms="5357" status="PASS">
          <reporter-output>
          </reporter-output>
        </test-method> <!-- launchApplication -->
        <test-method signature="submitOrderTest()[pri:0, instance:madhumitha.errortests.StandAloneStreamPom@74751b3]" started-at="2024-09-17T20:07:42 IST" name="submitOrderTest" finished-at="2024-09-17T20:07:58 IST" duration-ms="16155" status="PASS">
          <reporter-output>
          </reporter-output>
        </test-method> <!-- submitOrderTest -->
        <test-method is-config="true" signature="quit()[pri:0, instance:madhumitha.errortests.StandAloneStreamPom@74751b3]" started-at="2024-09-17T20:07:58 IST" name="quit" finished-at="2024-09-17T20:07:58 IST" duration-ms="159" status="PASS">
          <reporter-output>
          </reporter-output>
        </test-method> <!-- quit -->
        <test-method is-config="true" signature="launchApplication()[pri:0, instance:madhumitha.errortests.StandAloneStreamPom@74751b3]" started-at="2024-09-17T20:07:58 IST" name="launchApplication" finished-at="2024-09-17T20:08:02 IST" duration-ms="3519" status="PASS">
          <reporter-output>
          </reporter-output>
        </test-method> <!-- launchApplication -->
        <test-method signature="orderTest()[pri:0, instance:madhumitha.errortests.StandAloneStreamPom@74751b3]" started-at="2024-09-17T20:08:02 IST" name="orderTest" finished-at="2024-09-17T20:08:04 IST" depends-on-methods="madhumitha.errortests.StandAloneStreamPom.submitOrderTest" duration-ms="1997" status="PASS">
          <reporter-output>
          </reporter-output>
        </test-method> <!-- orderTest -->
        <test-method is-config="true" signature="quit()[pri:0, instance:madhumitha.errortests.StandAloneStreamPom@74751b3]" started-at="2024-09-17T20:08:04 IST" name="quit" finished-at="2024-09-17T20:08:04 IST" duration-ms="189" status="PASS">
          <reporter-output>
          </reporter-output>
        </test-method> <!-- quit -->
      </class> <!-- madhumitha.errortests.StandAloneStreamPom -->
    </test> <!-- StandAloneTest -->
    <test started-at="2024-09-17T20:08:04 IST" name="ErrorValidation" finished-at="2024-09-17T20:08:09 IST" duration-ms="4646">
      <class name="madhumitha.errortests.ErrorValidation">
        <test-method is-config="true" signature="launchApplication()[pri:0, instance:madhumitha.errortests.ErrorValidation@20140db9]" started-at="2024-09-17T20:08:04 IST" name="launchApplication" finished-at="2024-09-17T20:08:08 IST" duration-ms="3648" status="PASS">
          <reporter-output>
          </reporter-output>
        </test-method> <!-- launchApplication -->
        <test-method signature="submitOrder()[pri:0, instance:madhumitha.errortests.ErrorValidation@20140db9]" started-at="2024-09-17T20:08:08 IST" name="submitOrder" finished-at="2024-09-17T20:08:09 IST" duration-ms="852" status="PASS">
          <reporter-output>
          </reporter-output>
        </test-method> <!-- submitOrder -->
        <test-method is-config="true" signature="quit()[pri:0, instance:madhumitha.errortests.ErrorValidation@20140db9]" started-at="2024-09-17T20:08:09 IST" name="quit" finished-at="2024-09-17T20:08:09 IST" duration-ms="141" status="PASS">
          <reporter-output>
          </reporter-output>
        </test-method> <!-- quit -->
      </class> <!-- madhumitha.errortests.ErrorValidation -->
    </test> <!-- ErrorValidation -->
  </suite> <!-- Suite -->
</testng-results>
